[01m[K/home/mech-user/catkin_ws/src/beginner_tutorials/src/simple_action_client.cpp:[m[K In function ‘[01m[Kint main(int, char**)[m[K’:
[01m[K/home/mech-user/catkin_ws/src/beginner_tutorials/src/simple_action_client.cpp:18:9:[m[K [01;31m[Kerror: [m[K‘[01m[Kresult[m[K’ was not declared in this scope
         [01;31m[Kresult[m[K = client.get_result();
         [01;31m[K^~~~~~[m[K
[01m[K/home/mech-user/catkin_ws/src/beginner_tutorials/src/simple_action_client.cpp:18:25:[m[K [01;31m[Kerror: [m[K‘[01m[KClient {aka class actionlib::SimpleActionClient<beginner_tutorials::AddNumberAction_<std::allocator<void> > >}[m[K’ has no member named ‘[01m[Kget_result[m[K’; did you mean ‘[01m[KgetResult[m[K’?
         result = client.[01;31m[Kget_result[m[K();
                         [01;31m[K^~~~~~~~~~[m[K
                         [32m[KgetResult[m[K
[01m[K/home/mech-user/catkin_ws/src/beginner_tutorials/src/simple_action_client.cpp:19:9:[m[K [01;31m[Kerror: [m[K‘[01m[Kcout[m[K’ was not declared in this scope
         [01;31m[Kcout[m[K << result.number_answer << endl;
         [01;31m[K^~~~[m[K
[01m[K/home/mech-user/catkin_ws/src/beginner_tutorials/src/simple_action_client.cpp:19:9:[m[K [01;36m[Knote: [m[Ksuggested alternative:
In file included from [01m[K/opt/ros/melodic/include/ros/time.h:54:0[m[K,
                 from [01m[K/opt/ros/melodic/include/ros/serialization.h:34[m[K,
                 from [01m[K/home/mech-user/catkin_ws/devel/.private/beginner_tutorials/include/beginner_tutorials/AddNumberAction.h:14[m[K,
                 from [01m[K/home/mech-user/catkin_ws/src/beginner_tutorials/src/simple_action_client.cpp:1[m[K:
[01m[K/usr/include/c++/7/iostream:61:18:[m[K [01;36m[Knote: [m[K  ‘[01m[Kstd::cout[m[K’
   extern ostream [01;36m[Kcout[m[K;  /// Linked to standard output
                  [01;36m[K^~~~[m[K
[01m[K/home/mech-user/catkin_ws/src/beginner_tutorials/src/simple_action_client.cpp:19:41:[m[K [01;31m[Kerror: [m[K‘[01m[Kendl[m[K’ was not declared in this scope
         cout << result.number_answer << [01;31m[Kendl[m[K;
                                         [01;31m[K^~~~[m[K
[01m[K/home/mech-user/catkin_ws/src/beginner_tutorials/src/simple_action_client.cpp:19:41:[m[K [01;36m[Knote: [m[Ksuggested alternative:
In file included from [01m[K/usr/include/c++/7/iostream:39:0[m[K,
                 from [01m[K/opt/ros/melodic/include/ros/time.h:54[m[K,
                 from [01m[K/opt/ros/melodic/include/ros/serialization.h:34[m[K,
                 from [01m[K/home/mech-user/catkin_ws/devel/.private/beginner_tutorials/include/beginner_tutorials/AddNumberAction.h:14[m[K,
                 from [01m[K/home/mech-user/catkin_ws/src/beginner_tutorials/src/simple_action_client.cpp:1[m[K:
[01m[K/usr/include/c++/7/ostream:590:5:[m[K [01;36m[Knote: [m[K  ‘[01m[Kstd::endl[m[K’
     [01;36m[Kendl[m[K(basic_ostream<_CharT, _Traits>& __os)
     [01;36m[K^~~~[m[K
make[2]: *** [CMakeFiles/simple_action_client.dir/src/simple_action_client.cpp.o] Error 1
make[1]: *** [CMakeFiles/simple_action_client.dir/all] Error 2
make: *** [all] Error 2
