Linked: (/home/mech-user/catkin_ws/devel/.private/beginner_tutorials/share/gennodejs/ros/beginner_tutorials/_index.js, /home/mech-user/catkin_ws/devel/share/gennodejs/ros/beginner_tutorials/_index.js)
Linked: (/home/mech-user/catkin_ws/devel/.private/beginner_tutorials/share/gennodejs/ros/beginner_tutorials/msg/DoDishesActionResult.js, /home/mech-user/catkin_ws/devel/share/gennodejs/ros/beginner_tutorials/msg/DoDishesActionResult.js)
Linked: (/home/mech-user/catkin_ws/devel/.private/beginner_tutorials/share/gennodejs/ros/beginner_tutorials/msg/Num.js, /home/mech-user/catkin_ws/devel/share/gennodejs/ros/beginner_tutorials/msg/Num.js)
Linked: (/home/mech-user/catkin_ws/devel/.private/beginner_tutorials/share/gennodejs/ros/beginner_tutorials/msg/DoDishesActionGoal.js, /home/mech-user/catkin_ws/devel/share/gennodejs/ros/beginner_tutorials/msg/DoDishesActionGoal.js)
Linked: (/home/mech-user/catkin_ws/devel/.private/beginner_tutorials/share/gennodejs/ros/beginner_tutorials/msg/AddNumberGoal.js, /home/mech-user/catkin_ws/devel/share/gennodejs/ros/beginner_tutorials/msg/AddNumberGoal.js)
Linked: (/home/mech-user/catkin_ws/devel/.private/beginner_tutorials/share/gennodejs/ros/beginner_tutorials/msg/AddNumberAction.js, /home/mech-user/catkin_ws/devel/share/gennodejs/ros/beginner_tutorials/msg/AddNumberAction.js)
Linked: (/home/mech-user/catkin_ws/devel/.private/beginner_tutorials/share/gennodejs/ros/beginner_tutorials/msg/DoDishesGoal.js, /home/mech-user/catkin_ws/devel/share/gennodejs/ros/beginner_tutorials/msg/DoDishesGoal.js)
Linked: (/home/mech-user/catkin_ws/devel/.private/beginner_tutorials/share/gennodejs/ros/beginner_tutorials/msg/DoDishesActionFeedback.js, /home/mech-user/catkin_ws/devel/share/gennodejs/ros/beginner_tutorials/msg/DoDishesActionFeedback.js)
Linked: (/home/mech-user/catkin_ws/devel/.private/beginner_tutorials/share/gennodejs/ros/beginner_tutorials/msg/AddNumberFeedback.js, /home/mech-user/catkin_ws/devel/share/gennodejs/ros/beginner_tutorials/msg/AddNumberFeedback.js)
Linked: (/home/mech-user/catkin_ws/devel/.private/beginner_tutorials/share/gennodejs/ros/beginner_tutorials/msg/AddNumberResult.js, /home/mech-user/catkin_ws/devel/share/gennodejs/ros/beginner_tutorials/msg/AddNumberResult.js)
Linked: (/home/mech-user/catkin_ws/devel/.private/beginner_tutorials/share/gennodejs/ros/beginner_tutorials/msg/AddNumberActionResult.js, /home/mech-user/catkin_ws/devel/share/gennodejs/ros/beginner_tutorials/msg/AddNumberActionResult.js)
Linked: (/home/mech-user/catkin_ws/devel/.private/beginner_tutorials/share/gennodejs/ros/beginner_tutorials/msg/_index.js, /home/mech-user/catkin_ws/devel/share/gennodejs/ros/beginner_tutorials/msg/_index.js)
Linked: (/home/mech-user/catkin_ws/devel/.private/beginner_tutorials/share/gennodejs/ros/beginner_tutorials/msg/DoDishesAction.js, /home/mech-user/catkin_ws/devel/share/gennodejs/ros/beginner_tutorials/msg/DoDishesAction.js)
Linked: (/home/mech-user/catkin_ws/devel/.private/beginner_tutorials/share/gennodejs/ros/beginner_tutorials/msg/AddNumberActionFeedback.js, /home/mech-user/catkin_ws/devel/share/gennodejs/ros/beginner_tutorials/msg/AddNumberActionFeedback.js)
Linked: (/home/mech-user/catkin_ws/devel/.private/beginner_tutorials/share/gennodejs/ros/beginner_tutorials/msg/DoDishesResult.js, /home/mech-user/catkin_ws/devel/share/gennodejs/ros/beginner_tutorials/msg/DoDishesResult.js)
Linked: (/home/mech-user/catkin_ws/devel/.private/beginner_tutorials/share/gennodejs/ros/beginner_tutorials/msg/AddNumberActionGoal.js, /home/mech-user/catkin_ws/devel/share/gennodejs/ros/beginner_tutorials/msg/AddNumberActionGoal.js)
Linked: (/home/mech-user/catkin_ws/devel/.private/beginner_tutorials/share/gennodejs/ros/beginner_tutorials/msg/DoDishesFeedback.js, /home/mech-user/catkin_ws/devel/share/gennodejs/ros/beginner_tutorials/msg/DoDishesFeedback.js)
Linked: (/home/mech-user/catkin_ws/devel/.private/beginner_tutorials/share/gennodejs/ros/beginner_tutorials/srv/_index.js, /home/mech-user/catkin_ws/devel/share/gennodejs/ros/beginner_tutorials/srv/_index.js)
Linked: (/home/mech-user/catkin_ws/devel/.private/beginner_tutorials/share/gennodejs/ros/beginner_tutorials/srv/AddTwoInts.js, /home/mech-user/catkin_ws/devel/share/gennodejs/ros/beginner_tutorials/srv/AddTwoInts.js)
Linked: (/home/mech-user/catkin_ws/devel/.private/beginner_tutorials/share/roseus/ros/beginner_tutorials/manifest.l, /home/mech-user/catkin_ws/devel/share/roseus/ros/beginner_tutorials/manifest.l)
Linked: (/home/mech-user/catkin_ws/devel/.private/beginner_tutorials/share/roseus/ros/beginner_tutorials/msg/DoDishesActionResult.l, /home/mech-user/catkin_ws/devel/share/roseus/ros/beginner_tutorials/msg/DoDishesActionResult.l)
Linked: (/home/mech-user/catkin_ws/devel/.private/beginner_tutorials/share/roseus/ros/beginner_tutorials/msg/AddNumberActionFeedback.l, /home/mech-user/catkin_ws/devel/share/roseus/ros/beginner_tutorials/msg/AddNumberActionFeedback.l)
Linked: (/home/mech-user/catkin_ws/devel/.private/beginner_tutorials/share/roseus/ros/beginner_tutorials/msg/DoDishesFeedback.l, /home/mech-user/catkin_ws/devel/share/roseus/ros/beginner_tutorials/msg/DoDishesFeedback.l)
Linked: (/home/mech-user/catkin_ws/devel/.private/beginner_tutorials/share/roseus/ros/beginner_tutorials/msg/DoDishesActionGoal.l, /home/mech-user/catkin_ws/devel/share/roseus/ros/beginner_tutorials/msg/DoDishesActionGoal.l)
Linked: (/home/mech-user/catkin_ws/devel/.private/beginner_tutorials/share/roseus/ros/beginner_tutorials/msg/AddNumberResult.l, /home/mech-user/catkin_ws/devel/share/roseus/ros/beginner_tutorials/msg/AddNumberResult.l)
Linked: (/home/mech-user/catkin_ws/devel/.private/beginner_tutorials/share/roseus/ros/beginner_tutorials/msg/AddNumberActionGoal.l, /home/mech-user/catkin_ws/devel/share/roseus/ros/beginner_tutorials/msg/AddNumberActionGoal.l)
Linked: (/home/mech-user/catkin_ws/devel/.private/beginner_tutorials/share/roseus/ros/beginner_tutorials/msg/DoDishesAction.l, /home/mech-user/catkin_ws/devel/share/roseus/ros/beginner_tutorials/msg/DoDishesAction.l)
Linked: (/home/mech-user/catkin_ws/devel/.private/beginner_tutorials/share/roseus/ros/beginner_tutorials/msg/DoDishesResult.l, /home/mech-user/catkin_ws/devel/share/roseus/ros/beginner_tutorials/msg/DoDishesResult.l)
Linked: (/home/mech-user/catkin_ws/devel/.private/beginner_tutorials/share/roseus/ros/beginner_tutorials/msg/DoDishesGoal.l, /home/mech-user/catkin_ws/devel/share/roseus/ros/beginner_tutorials/msg/DoDishesGoal.l)
Linked: (/home/mech-user/catkin_ws/devel/.private/beginner_tutorials/share/roseus/ros/beginner_tutorials/msg/AddNumberFeedback.l, /home/mech-user/catkin_ws/devel/share/roseus/ros/beginner_tutorials/msg/AddNumberFeedback.l)
Linked: (/home/mech-user/catkin_ws/devel/.private/beginner_tutorials/share/roseus/ros/beginner_tutorials/msg/Num.l, /home/mech-user/catkin_ws/devel/share/roseus/ros/beginner_tutorials/msg/Num.l)
Linked: (/home/mech-user/catkin_ws/devel/.private/beginner_tutorials/share/roseus/ros/beginner_tutorials/msg/AddNumberGoal.l, /home/mech-user/catkin_ws/devel/share/roseus/ros/beginner_tutorials/msg/AddNumberGoal.l)
Linked: (/home/mech-user/catkin_ws/devel/.private/beginner_tutorials/share/roseus/ros/beginner_tutorials/msg/AddNumberActionResult.l, /home/mech-user/catkin_ws/devel/share/roseus/ros/beginner_tutorials/msg/AddNumberActionResult.l)
Linked: (/home/mech-user/catkin_ws/devel/.private/beginner_tutorials/share/roseus/ros/beginner_tutorials/msg/AddNumberAction.l, /home/mech-user/catkin_ws/devel/share/roseus/ros/beginner_tutorials/msg/AddNumberAction.l)
Linked: (/home/mech-user/catkin_ws/devel/.private/beginner_tutorials/share/roseus/ros/beginner_tutorials/msg/DoDishesActionFeedback.l, /home/mech-user/catkin_ws/devel/share/roseus/ros/beginner_tutorials/msg/DoDishesActionFeedback.l)
Linked: (/home/mech-user/catkin_ws/devel/.private/beginner_tutorials/share/roseus/ros/beginner_tutorials/srv/AddTwoInts.l, /home/mech-user/catkin_ws/devel/share/roseus/ros/beginner_tutorials/srv/AddTwoInts.l)
Linked: (/home/mech-user/catkin_ws/devel/.private/beginner_tutorials/share/common-lisp/ros/beginner_tutorials/msg/_package_Num.lisp, /home/mech-user/catkin_ws/devel/share/common-lisp/ros/beginner_tutorials/msg/_package_Num.lisp)
Linked: (/home/mech-user/catkin_ws/devel/.private/beginner_tutorials/share/common-lisp/ros/beginner_tutorials/msg/DoDishesGoal.lisp, /home/mech-user/catkin_ws/devel/share/common-lisp/ros/beginner_tutorials/msg/DoDishesGoal.lisp)
Linked: (/home/mech-user/catkin_ws/devel/.private/beginner_tutorials/share/common-lisp/ros/beginner_tutorials/msg/_package_AddNumberResult.lisp, /home/mech-user/catkin_ws/devel/share/common-lisp/ros/beginner_tutorials/msg/_package_AddNumberResult.lisp)
Linked: (/home/mech-user/catkin_ws/devel/.private/beginner_tutorials/share/common-lisp/ros/beginner_tutorials/msg/_package_AddNumberGoal.lisp, /home/mech-user/catkin_ws/devel/share/common-lisp/ros/beginner_tutorials/msg/_package_AddNumberGoal.lisp)
Linked: (/home/mech-user/catkin_ws/devel/.private/beginner_tutorials/share/common-lisp/ros/beginner_tutorials/msg/AddNumberActionGoal.lisp, /home/mech-user/catkin_ws/devel/share/common-lisp/ros/beginner_tutorials/msg/AddNumberActionGoal.lisp)
Linked: (/home/mech-user/catkin_ws/devel/.private/beginner_tutorials/share/common-lisp/ros/beginner_tutorials/msg/Num.lisp, /home/mech-user/catkin_ws/devel/share/common-lisp/ros/beginner_tutorials/msg/Num.lisp)
Linked: (/home/mech-user/catkin_ws/devel/.private/beginner_tutorials/share/common-lisp/ros/beginner_tutorials/msg/_package.lisp, /home/mech-user/catkin_ws/devel/share/common-lisp/ros/beginner_tutorials/msg/_package.lisp)
Linked: (/home/mech-user/catkin_ws/devel/.private/beginner_tutorials/share/common-lisp/ros/beginner_tutorials/msg/DoDishesResult.lisp, /home/mech-user/catkin_ws/devel/share/common-lisp/ros/beginner_tutorials/msg/DoDishesResult.lisp)
Linked: (/home/mech-user/catkin_ws/devel/.private/beginner_tutorials/share/common-lisp/ros/beginner_tutorials/msg/_package_DoDishesActionFeedback.lisp, /home/mech-user/catkin_ws/devel/share/common-lisp/ros/beginner_tutorials/msg/_package_DoDishesActionFeedback.lisp)
Linked: (/home/mech-user/catkin_ws/devel/.private/beginner_tutorials/share/common-lisp/ros/beginner_tutorials/msg/DoDishesActionGoal.lisp, /home/mech-user/catkin_ws/devel/share/common-lisp/ros/beginner_tutorials/msg/DoDishesActionGoal.lisp)
Linked: (/home/mech-user/catkin_ws/devel/.private/beginner_tutorials/share/common-lisp/ros/beginner_tutorials/msg/DoDishesAction.lisp, /home/mech-user/catkin_ws/devel/share/common-lisp/ros/beginner_tutorials/msg/DoDishesAction.lisp)
Linked: (/home/mech-user/catkin_ws/devel/.private/beginner_tutorials/share/common-lisp/ros/beginner_tutorials/msg/_package_AddNumberAction.lisp, /home/mech-user/catkin_ws/devel/share/common-lisp/ros/beginner_tutorials/msg/_package_AddNumberAction.lisp)
Linked: (/home/mech-user/catkin_ws/devel/.private/beginner_tutorials/share/common-lisp/ros/beginner_tutorials/msg/AddNumberGoal.lisp, /home/mech-user/catkin_ws/devel/share/common-lisp/ros/beginner_tutorials/msg/AddNumberGoal.lisp)
Linked: (/home/mech-user/catkin_ws/devel/.private/beginner_tutorials/share/common-lisp/ros/beginner_tutorials/msg/_package_AddNumberActionResult.lisp, /home/mech-user/catkin_ws/devel/share/common-lisp/ros/beginner_tutorials/msg/_package_AddNumberActionResult.lisp)
Linked: (/home/mech-user/catkin_ws/devel/.private/beginner_tutorials/share/common-lisp/ros/beginner_tutorials/msg/AddNumberActionFeedback.lisp, /home/mech-user/catkin_ws/devel/share/common-lisp/ros/beginner_tutorials/msg/AddNumberActionFeedback.lisp)
Linked: (/home/mech-user/catkin_ws/devel/.private/beginner_tutorials/share/common-lisp/ros/beginner_tutorials/msg/_package_DoDishesActionResult.lisp, /home/mech-user/catkin_ws/devel/share/common-lisp/ros/beginner_tutorials/msg/_package_DoDishesActionResult.lisp)
Linked: (/home/mech-user/catkin_ws/devel/.private/beginner_tutorials/share/common-lisp/ros/beginner_tutorials/msg/DoDishesActionResult.lisp, /home/mech-user/catkin_ws/devel/share/common-lisp/ros/beginner_tutorials/msg/DoDishesActionResult.lisp)
Linked: (/home/mech-user/catkin_ws/devel/.private/beginner_tutorials/share/common-lisp/ros/beginner_tutorials/msg/DoDishesFeedback.lisp, /home/mech-user/catkin_ws/devel/share/common-lisp/ros/beginner_tutorials/msg/DoDishesFeedback.lisp)
Linked: (/home/mech-user/catkin_ws/devel/.private/beginner_tutorials/share/common-lisp/ros/beginner_tutorials/msg/AddNumberResult.lisp, /home/mech-user/catkin_ws/devel/share/common-lisp/ros/beginner_tutorials/msg/AddNumberResult.lisp)
Linked: (/home/mech-user/catkin_ws/devel/.private/beginner_tutorials/share/common-lisp/ros/beginner_tutorials/msg/DoDishesActionFeedback.lisp, /home/mech-user/catkin_ws/devel/share/common-lisp/ros/beginner_tutorials/msg/DoDishesActionFeedback.lisp)
Linked: (/home/mech-user/catkin_ws/devel/.private/beginner_tutorials/share/common-lisp/ros/beginner_tutorials/msg/_package_DoDishesFeedback.lisp, /home/mech-user/catkin_ws/devel/share/common-lisp/ros/beginner_tutorials/msg/_package_DoDishesFeedback.lisp)
Linked: (/home/mech-user/catkin_ws/devel/.private/beginner_tutorials/share/common-lisp/ros/beginner_tutorials/msg/AddNumberActionResult.lisp, /home/mech-user/catkin_ws/devel/share/common-lisp/ros/beginner_tutorials/msg/AddNumberActionResult.lisp)
Linked: (/home/mech-user/catkin_ws/devel/.private/beginner_tutorials/share/common-lisp/ros/beginner_tutorials/msg/_package_DoDishesActionGoal.lisp, /home/mech-user/catkin_ws/devel/share/common-lisp/ros/beginner_tutorials/msg/_package_DoDishesActionGoal.lisp)
Linked: (/home/mech-user/catkin_ws/devel/.private/beginner_tutorials/share/common-lisp/ros/beginner_tutorials/msg/_package_DoDishesGoal.lisp, /home/mech-user/catkin_ws/devel/share/common-lisp/ros/beginner_tutorials/msg/_package_DoDishesGoal.lisp)
Linked: (/home/mech-user/catkin_ws/devel/.private/beginner_tutorials/share/common-lisp/ros/beginner_tutorials/msg/_package_AddNumberActionFeedback.lisp, /home/mech-user/catkin_ws/devel/share/common-lisp/ros/beginner_tutorials/msg/_package_AddNumberActionFeedback.lisp)
Linked: (/home/mech-user/catkin_ws/devel/.private/beginner_tutorials/share/common-lisp/ros/beginner_tutorials/msg/AddNumberFeedback.lisp, /home/mech-user/catkin_ws/devel/share/common-lisp/ros/beginner_tutorials/msg/AddNumberFeedback.lisp)
Linked: (/home/mech-user/catkin_ws/devel/.private/beginner_tutorials/share/common-lisp/ros/beginner_tutorials/msg/_package_DoDishesResult.lisp, /home/mech-user/catkin_ws/devel/share/common-lisp/ros/beginner_tutorials/msg/_package_DoDishesResult.lisp)
Linked: (/home/mech-user/catkin_ws/devel/.private/beginner_tutorials/share/common-lisp/ros/beginner_tutorials/msg/beginner_tutorials-msg.asd, /home/mech-user/catkin_ws/devel/share/common-lisp/ros/beginner_tutorials/msg/beginner_tutorials-msg.asd)
Linked: (/home/mech-user/catkin_ws/devel/.private/beginner_tutorials/share/common-lisp/ros/beginner_tutorials/msg/_package_DoDishesAction.lisp, /home/mech-user/catkin_ws/devel/share/common-lisp/ros/beginner_tutorials/msg/_package_DoDishesAction.lisp)
Linked: (/home/mech-user/catkin_ws/devel/.private/beginner_tutorials/share/common-lisp/ros/beginner_tutorials/msg/AddNumberAction.lisp, /home/mech-user/catkin_ws/devel/share/common-lisp/ros/beginner_tutorials/msg/AddNumberAction.lisp)
Linked: (/home/mech-user/catkin_ws/devel/.private/beginner_tutorials/share/common-lisp/ros/beginner_tutorials/msg/_package_AddNumberActionGoal.lisp, /home/mech-user/catkin_ws/devel/share/common-lisp/ros/beginner_tutorials/msg/_package_AddNumberActionGoal.lisp)
Linked: (/home/mech-user/catkin_ws/devel/.private/beginner_tutorials/share/common-lisp/ros/beginner_tutorials/msg/_package_AddNumberFeedback.lisp, /home/mech-user/catkin_ws/devel/share/common-lisp/ros/beginner_tutorials/msg/_package_AddNumberFeedback.lisp)
Linked: (/home/mech-user/catkin_ws/devel/.private/beginner_tutorials/share/common-lisp/ros/beginner_tutorials/srv/_package.lisp, /home/mech-user/catkin_ws/devel/share/common-lisp/ros/beginner_tutorials/srv/_package.lisp)
Linked: (/home/mech-user/catkin_ws/devel/.private/beginner_tutorials/share/common-lisp/ros/beginner_tutorials/srv/beginner_tutorials-srv.asd, /home/mech-user/catkin_ws/devel/share/common-lisp/ros/beginner_tutorials/srv/beginner_tutorials-srv.asd)
Linked: (/home/mech-user/catkin_ws/devel/.private/beginner_tutorials/share/common-lisp/ros/beginner_tutorials/srv/_package_AddTwoInts.lisp, /home/mech-user/catkin_ws/devel/share/common-lisp/ros/beginner_tutorials/srv/_package_AddTwoInts.lisp)
Linked: (/home/mech-user/catkin_ws/devel/.private/beginner_tutorials/share/common-lisp/ros/beginner_tutorials/srv/AddTwoInts.lisp, /home/mech-user/catkin_ws/devel/share/common-lisp/ros/beginner_tutorials/srv/AddTwoInts.lisp)
Linked: (/home/mech-user/catkin_ws/devel/.private/beginner_tutorials/share/beginner_tutorials/cmake/beginner_tutorials-msg-extras.cmake, /home/mech-user/catkin_ws/devel/share/beginner_tutorials/cmake/beginner_tutorials-msg-extras.cmake)
Linked: (/home/mech-user/catkin_ws/devel/.private/beginner_tutorials/share/beginner_tutorials/cmake/beginner_tutorialsConfig-version.cmake, /home/mech-user/catkin_ws/devel/share/beginner_tutorials/cmake/beginner_tutorialsConfig-version.cmake)
Linked: (/home/mech-user/catkin_ws/devel/.private/beginner_tutorials/share/beginner_tutorials/cmake/beginner_tutorialsConfig.cmake, /home/mech-user/catkin_ws/devel/share/beginner_tutorials/cmake/beginner_tutorialsConfig.cmake)
Linked: (/home/mech-user/catkin_ws/devel/.private/beginner_tutorials/share/beginner_tutorials/cmake/beginner_tutorials-msg-paths.cmake, /home/mech-user/catkin_ws/devel/share/beginner_tutorials/cmake/beginner_tutorials-msg-paths.cmake)
Linked: (/home/mech-user/catkin_ws/devel/.private/beginner_tutorials/share/beginner_tutorials/msg/DoDishesActionResult.msg, /home/mech-user/catkin_ws/devel/share/beginner_tutorials/msg/DoDishesActionResult.msg)
Linked: (/home/mech-user/catkin_ws/devel/.private/beginner_tutorials/share/beginner_tutorials/msg/AddNumberFeedback.msg, /home/mech-user/catkin_ws/devel/share/beginner_tutorials/msg/AddNumberFeedback.msg)
Linked: (/home/mech-user/catkin_ws/devel/.private/beginner_tutorials/share/beginner_tutorials/msg/AddNumberActionGoal.msg, /home/mech-user/catkin_ws/devel/share/beginner_tutorials/msg/AddNumberActionGoal.msg)
Linked: (/home/mech-user/catkin_ws/devel/.private/beginner_tutorials/share/beginner_tutorials/msg/DoDishesGoal.msg, /home/mech-user/catkin_ws/devel/share/beginner_tutorials/msg/DoDishesGoal.msg)
Linked: (/home/mech-user/catkin_ws/devel/.private/beginner_tutorials/share/beginner_tutorials/msg/AddNumberAction.msg, /home/mech-user/catkin_ws/devel/share/beginner_tutorials/msg/AddNumberAction.msg)
Linked: (/home/mech-user/catkin_ws/devel/.private/beginner_tutorials/share/beginner_tutorials/msg/DoDishesActionGoal.msg, /home/mech-user/catkin_ws/devel/share/beginner_tutorials/msg/DoDishesActionGoal.msg)
Linked: (/home/mech-user/catkin_ws/devel/.private/beginner_tutorials/share/beginner_tutorials/msg/DoDishesAction.msg, /home/mech-user/catkin_ws/devel/share/beginner_tutorials/msg/DoDishesAction.msg)
Linked: (/home/mech-user/catkin_ws/devel/.private/beginner_tutorials/share/beginner_tutorials/msg/AddNumberActionFeedback.msg, /home/mech-user/catkin_ws/devel/share/beginner_tutorials/msg/AddNumberActionFeedback.msg)
Linked: (/home/mech-user/catkin_ws/devel/.private/beginner_tutorials/share/beginner_tutorials/msg/DoDishesActionFeedback.msg, /home/mech-user/catkin_ws/devel/share/beginner_tutorials/msg/DoDishesActionFeedback.msg)
Linked: (/home/mech-user/catkin_ws/devel/.private/beginner_tutorials/share/beginner_tutorials/msg/DoDishesResult.msg, /home/mech-user/catkin_ws/devel/share/beginner_tutorials/msg/DoDishesResult.msg)
Linked: (/home/mech-user/catkin_ws/devel/.private/beginner_tutorials/share/beginner_tutorials/msg/AddNumberResult.msg, /home/mech-user/catkin_ws/devel/share/beginner_tutorials/msg/AddNumberResult.msg)
Linked: (/home/mech-user/catkin_ws/devel/.private/beginner_tutorials/share/beginner_tutorials/msg/AddNumberGoal.msg, /home/mech-user/catkin_ws/devel/share/beginner_tutorials/msg/AddNumberGoal.msg)
Linked: (/home/mech-user/catkin_ws/devel/.private/beginner_tutorials/share/beginner_tutorials/msg/DoDishesFeedback.msg, /home/mech-user/catkin_ws/devel/share/beginner_tutorials/msg/DoDishesFeedback.msg)
Linked: (/home/mech-user/catkin_ws/devel/.private/beginner_tutorials/share/beginner_tutorials/msg/AddNumberActionResult.msg, /home/mech-user/catkin_ws/devel/share/beginner_tutorials/msg/AddNumberActionResult.msg)
Linked: (/home/mech-user/catkin_ws/devel/.private/beginner_tutorials/lib/beginner_tutorials/talker, /home/mech-user/catkin_ws/devel/lib/beginner_tutorials/talker)
Linked: (/home/mech-user/catkin_ws/devel/.private/beginner_tutorials/lib/beginner_tutorials/listener, /home/mech-user/catkin_ws/devel/lib/beginner_tutorials/listener)
Linked: (/home/mech-user/catkin_ws/devel/.private/beginner_tutorials/lib/beginner_tutorials/simple_action_client, /home/mech-user/catkin_ws/devel/lib/beginner_tutorials/simple_action_client)
Linked: (/home/mech-user/catkin_ws/devel/.private/beginner_tutorials/lib/python2.7/dist-packages/beginner_tutorials/__init__.py, /home/mech-user/catkin_ws/devel/lib/python2.7/dist-packages/beginner_tutorials/__init__.py)
Linked: (/home/mech-user/catkin_ws/devel/.private/beginner_tutorials/lib/python2.7/dist-packages/beginner_tutorials/msg/_AddNumberActionFeedback.py, /home/mech-user/catkin_ws/devel/lib/python2.7/dist-packages/beginner_tutorials/msg/_AddNumberActionFeedback.py)
Linked: (/home/mech-user/catkin_ws/devel/.private/beginner_tutorials/lib/python2.7/dist-packages/beginner_tutorials/msg/_DoDishesAction.py, /home/mech-user/catkin_ws/devel/lib/python2.7/dist-packages/beginner_tutorials/msg/_DoDishesAction.py)
Linked: (/home/mech-user/catkin_ws/devel/.private/beginner_tutorials/lib/python2.7/dist-packages/beginner_tutorials/msg/_AddNumberActionResult.py, /home/mech-user/catkin_ws/devel/lib/python2.7/dist-packages/beginner_tutorials/msg/_AddNumberActionResult.py)
Linked: (/home/mech-user/catkin_ws/devel/.private/beginner_tutorials/lib/python2.7/dist-packages/beginner_tutorials/msg/_AddNumberActionGoal.py, /home/mech-user/catkin_ws/devel/lib/python2.7/dist-packages/beginner_tutorials/msg/_AddNumberActionGoal.py)
Linked: (/home/mech-user/catkin_ws/devel/.private/beginner_tutorials/lib/python2.7/dist-packages/beginner_tutorials/msg/_AddNumberAction.py, /home/mech-user/catkin_ws/devel/lib/python2.7/dist-packages/beginner_tutorials/msg/_AddNumberAction.py)
Linked: (/home/mech-user/catkin_ws/devel/.private/beginner_tutorials/lib/python2.7/dist-packages/beginner_tutorials/msg/_DoDishesActionFeedback.py, /home/mech-user/catkin_ws/devel/lib/python2.7/dist-packages/beginner_tutorials/msg/_DoDishesActionFeedback.py)
Linked: (/home/mech-user/catkin_ws/devel/.private/beginner_tutorials/lib/python2.7/dist-packages/beginner_tutorials/msg/_AddNumberGoal.py, /home/mech-user/catkin_ws/devel/lib/python2.7/dist-packages/beginner_tutorials/msg/_AddNumberGoal.py)
Linked: (/home/mech-user/catkin_ws/devel/.private/beginner_tutorials/lib/python2.7/dist-packages/beginner_tutorials/msg/_DoDishesResult.py, /home/mech-user/catkin_ws/devel/lib/python2.7/dist-packages/beginner_tutorials/msg/_DoDishesResult.py)
Linked: (/home/mech-user/catkin_ws/devel/.private/beginner_tutorials/lib/python2.7/dist-packages/beginner_tutorials/msg/__init__.py, /home/mech-user/catkin_ws/devel/lib/python2.7/dist-packages/beginner_tutorials/msg/__init__.py)
Linked: (/home/mech-user/catkin_ws/devel/.private/beginner_tutorials/lib/python2.7/dist-packages/beginner_tutorials/msg/_DoDishesGoal.py, /home/mech-user/catkin_ws/devel/lib/python2.7/dist-packages/beginner_tutorials/msg/_DoDishesGoal.py)
Linked: (/home/mech-user/catkin_ws/devel/.private/beginner_tutorials/lib/python2.7/dist-packages/beginner_tutorials/msg/_Num.py, /home/mech-user/catkin_ws/devel/lib/python2.7/dist-packages/beginner_tutorials/msg/_Num.py)
Linked: (/home/mech-user/catkin_ws/devel/.private/beginner_tutorials/lib/python2.7/dist-packages/beginner_tutorials/msg/_DoDishesActionResult.py, /home/mech-user/catkin_ws/devel/lib/python2.7/dist-packages/beginner_tutorials/msg/_DoDishesActionResult.py)
Linked: (/home/mech-user/catkin_ws/devel/.private/beginner_tutorials/lib/python2.7/dist-packages/beginner_tutorials/msg/_DoDishesFeedback.py, /home/mech-user/catkin_ws/devel/lib/python2.7/dist-packages/beginner_tutorials/msg/_DoDishesFeedback.py)
Linked: (/home/mech-user/catkin_ws/devel/.private/beginner_tutorials/lib/python2.7/dist-packages/beginner_tutorials/msg/_AddNumberFeedback.py, /home/mech-user/catkin_ws/devel/lib/python2.7/dist-packages/beginner_tutorials/msg/_AddNumberFeedback.py)
Linked: (/home/mech-user/catkin_ws/devel/.private/beginner_tutorials/lib/python2.7/dist-packages/beginner_tutorials/msg/_AddNumberResult.py, /home/mech-user/catkin_ws/devel/lib/python2.7/dist-packages/beginner_tutorials/msg/_AddNumberResult.py)
Linked: (/home/mech-user/catkin_ws/devel/.private/beginner_tutorials/lib/python2.7/dist-packages/beginner_tutorials/msg/_DoDishesActionGoal.py, /home/mech-user/catkin_ws/devel/lib/python2.7/dist-packages/beginner_tutorials/msg/_DoDishesActionGoal.py)
Linked: (/home/mech-user/catkin_ws/devel/.private/beginner_tutorials/lib/python2.7/dist-packages/beginner_tutorials/srv/_AddTwoInts.py, /home/mech-user/catkin_ws/devel/lib/python2.7/dist-packages/beginner_tutorials/srv/_AddTwoInts.py)
Linked: (/home/mech-user/catkin_ws/devel/.private/beginner_tutorials/lib/python2.7/dist-packages/beginner_tutorials/srv/__init__.py, /home/mech-user/catkin_ws/devel/lib/python2.7/dist-packages/beginner_tutorials/srv/__init__.py)
Linked: (/home/mech-user/catkin_ws/devel/.private/beginner_tutorials/lib/pkgconfig/beginner_tutorials.pc, /home/mech-user/catkin_ws/devel/lib/pkgconfig/beginner_tutorials.pc)
Linked: (/home/mech-user/catkin_ws/devel/.private/beginner_tutorials/include/beginner_tutorials/AddNumberActionFeedback.h, /home/mech-user/catkin_ws/devel/include/beginner_tutorials/AddNumberActionFeedback.h)
Linked: (/home/mech-user/catkin_ws/devel/.private/beginner_tutorials/include/beginner_tutorials/DoDishesActionFeedback.h, /home/mech-user/catkin_ws/devel/include/beginner_tutorials/DoDishesActionFeedback.h)
Linked: (/home/mech-user/catkin_ws/devel/.private/beginner_tutorials/include/beginner_tutorials/DoDishesResult.h, /home/mech-user/catkin_ws/devel/include/beginner_tutorials/DoDishesResult.h)
Linked: (/home/mech-user/catkin_ws/devel/.private/beginner_tutorials/include/beginner_tutorials/DoDishesAction.h, /home/mech-user/catkin_ws/devel/include/beginner_tutorials/DoDishesAction.h)
Linked: (/home/mech-user/catkin_ws/devel/.private/beginner_tutorials/include/beginner_tutorials/DoDishesGoal.h, /home/mech-user/catkin_ws/devel/include/beginner_tutorials/DoDishesGoal.h)
Linked: (/home/mech-user/catkin_ws/devel/.private/beginner_tutorials/include/beginner_tutorials/AddTwoIntsRequest.h, /home/mech-user/catkin_ws/devel/include/beginner_tutorials/AddTwoIntsRequest.h)
Linked: (/home/mech-user/catkin_ws/devel/.private/beginner_tutorials/include/beginner_tutorials/AddNumberActionResult.h, /home/mech-user/catkin_ws/devel/include/beginner_tutorials/AddNumberActionResult.h)
Linked: (/home/mech-user/catkin_ws/devel/.private/beginner_tutorials/include/beginner_tutorials/AddNumberGoal.h, /home/mech-user/catkin_ws/devel/include/beginner_tutorials/AddNumberGoal.h)
Linked: (/home/mech-user/catkin_ws/devel/.private/beginner_tutorials/include/beginner_tutorials/AddNumberActionGoal.h, /home/mech-user/catkin_ws/devel/include/beginner_tutorials/AddNumberActionGoal.h)
Linked: (/home/mech-user/catkin_ws/devel/.private/beginner_tutorials/include/beginner_tutorials/DoDishesActionResult.h, /home/mech-user/catkin_ws/devel/include/beginner_tutorials/DoDishesActionResult.h)
Linked: (/home/mech-user/catkin_ws/devel/.private/beginner_tutorials/include/beginner_tutorials/AddTwoIntsResponse.h, /home/mech-user/catkin_ws/devel/include/beginner_tutorials/AddTwoIntsResponse.h)
Linked: (/home/mech-user/catkin_ws/devel/.private/beginner_tutorials/include/beginner_tutorials/DoDishesActionGoal.h, /home/mech-user/catkin_ws/devel/include/beginner_tutorials/DoDishesActionGoal.h)
Linked: (/home/mech-user/catkin_ws/devel/.private/beginner_tutorials/include/beginner_tutorials/Num.h, /home/mech-user/catkin_ws/devel/include/beginner_tutorials/Num.h)
Linked: (/home/mech-user/catkin_ws/devel/.private/beginner_tutorials/include/beginner_tutorials/DoDishesFeedback.h, /home/mech-user/catkin_ws/devel/include/beginner_tutorials/DoDishesFeedback.h)
Linked: (/home/mech-user/catkin_ws/devel/.private/beginner_tutorials/include/beginner_tutorials/AddNumberFeedback.h, /home/mech-user/catkin_ws/devel/include/beginner_tutorials/AddNumberFeedback.h)
Linked: (/home/mech-user/catkin_ws/devel/.private/beginner_tutorials/include/beginner_tutorials/AddNumberResult.h, /home/mech-user/catkin_ws/devel/include/beginner_tutorials/AddNumberResult.h)
Linked: (/home/mech-user/catkin_ws/devel/.private/beginner_tutorials/include/beginner_tutorials/AddNumberAction.h, /home/mech-user/catkin_ws/devel/include/beginner_tutorials/AddNumberAction.h)
Linked: (/home/mech-user/catkin_ws/devel/.private/beginner_tutorials/include/beginner_tutorials/AddTwoInts.h, /home/mech-user/catkin_ws/devel/include/beginner_tutorials/AddTwoInts.h)
