[  0%] Built target _beginner_tutorials_generate_messages_check_deps_AddNumberActionFeedback
[  0%] Built target _beginner_tutorials_generate_messages_check_deps_DoDishesActionResult
[  0%] Built target _beginner_tutorials_generate_messages_check_deps_AddNumberGoal
[  0%] Built target _beginner_tutorials_generate_messages_check_deps_DoDishesAction
[  0%] Built target _beginner_tutorials_generate_messages_check_deps_DoDishesFeedback
[  0%] Built target _beginner_tutorials_generate_messages_check_deps_AddNumberFeedback
[  0%] Built target _beginner_tutorials_generate_messages_check_deps_AddNumberActionResult
[  0%] Built target _beginner_tutorials_generate_messages_check_deps_DoDishesResult
[  0%] Built target geometry_msgs_generate_messages_cpp
[  0%] Built target actionlib_msgs_generate_messages_cpp
[  0%] Built target _beginner_tutorials_generate_messages_check_deps_DoDishesActionFeedback
[  0%] Built target _beginner_tutorials_generate_messages_check_deps_AddNumberResult
[  0%] Built target _beginner_tutorials_generate_messages_check_deps_DoDishesActionGoal
[  0%] Built target _beginner_tutorials_generate_messages_check_deps_AddTwoInts
[  0%] Built target _beginner_tutorials_generate_messages_check_deps_AddNumberAction
[  0%] Built target _beginner_tutorials_generate_messages_check_deps_DoDishesGoal
[  0%] Built target _beginner_tutorials_generate_messages_check_deps_AddNumberActionGoal
[  0%] Built target actionlib_msgs_generate_messages_py
[  0%] Built target actionlib_msgs_generate_messages_nodejs
[  0%] Built target geometry_msgs_generate_messages_py
[  0%] Built target geometry_msgs_generate_messages_nodejs
[  0%] Built target geometry_msgs_generate_messages_lisp
[  0%] Built target actionlib_msgs_generate_messages_lisp
[  0%] Built target geometry_msgs_generate_messages_eus
[  0%] Built target actionlib_msgs_generate_messages_eus
[  0%] Built target _beginner_tutorials_generate_messages_check_deps_Num
[ 20%] Built target beginner_tutorials_generate_messages_py
[ 38%] Built target beginner_tutorials_generate_messages_lisp
[ 56%] Built target beginner_tutorials_generate_messages_nodejs
[ 93%] Built target beginner_tutorials_generate_messages_cpp
[ 93%] Built target beginner_tutorials_generate_messages_eus
[35m[1mScanning dependencies of target simple_action_client[0m
[ 93%] Built target beginner_tutorials_generate_messages
[ 95%] Built target listener
[ 97%] Built target talker
[ 98%] [32mBuilding CXX object CMakeFiles/simple_action_client.dir/src/simple_action_client.cpp.o[0m
[100%] [32m[1mLinking CXX executable /home/mech-user/catkin_ws/devel/.private/beginner_tutorials/lib/beginner_tutorials/simple_action_client[0m
[100%] Built target simple_action_client
